<?xml version="1.0" encoding="UTF-8"?>
<testsuites name="Mocha Tests" time="0.0000" tests="4" failures="1">
  <testsuite name="Root Suite" timestamp="2021-12-26T15:55:23" tests="0" file="cypress/integration/add.songs.spec.ts" time="0.0000" failures="0">
  </testsuite>
  <testsuite name="Add Songs to List Spec" timestamp="2021-12-26T15:55:23" tests="4" time="0.0000" failures="1">
    <testcase name="Add Songs to List Spec &quot;before all&quot; hook for &quot;should add a song to an existing list&quot;" time="0.0000" classname="&quot;before all&quot; hook for &quot;should add a song to an existing list&quot;">
      <failure message="expected 400 to equal 200

Because this error occurred during a `before all` hook we are skipping the remaining tests in the current suite: `Add Songs to List Spec`" type="AssertionError"><![CDATA[AssertionError: expected 400 to equal 200

Because this error occurred during a `before all` hook we are skipping the remaining tests in the current suite: `Add Songs to List Spec`
    at Context.eval (http://localhost:51637/__cypress/tests?p=cypress/integration/add.songs.spec.ts:151:40)]]></failure>
    </testcase>
  </testsuite>
</testsuites>